0 info it worked if it ends with ok
1 verbose cli [ '/usr/local/Cellar/node/5.2.0/bin/node',
1 verbose cli   '/usr/local/bin/npm',
1 verbose cli   'install',
1 verbose cli   '--save',
1 verbose cli   'knex',
1 verbose cli   'pg' ]
2 info using npm@3.3.12
3 info using node@v5.2.0
4 silly loadCurrentTree Starting
5 silly install loadCurrentTree
6 silly install readLocalPackageData
7 silly fetchPackageMetaData knex
8 silly fetchPackageMetaData pg
9 silly fetchNamedPackageData knex
10 silly mapToRegistry name knex
11 silly mapToRegistry using default registry
12 silly mapToRegistry registry https://registry.npmjs.org/
13 silly mapToRegistry uri https://registry.npmjs.org/knex
14 silly fetchNamedPackageData pg
15 silly mapToRegistry name pg
16 silly mapToRegistry using default registry
17 silly mapToRegistry registry https://registry.npmjs.org/
18 silly mapToRegistry uri https://registry.npmjs.org/pg
19 verbose request uri https://registry.npmjs.org/knex
20 verbose request no auth needed
21 info attempt registry request try #1 at 12:39:00 PM
22 verbose request id 19db3be8b54838ec
23 http request GET https://registry.npmjs.org/knex
24 verbose request uri https://registry.npmjs.org/pg
25 verbose request no auth needed
26 info attempt registry request try #1 at 12:39:00 PM
27 http request GET https://registry.npmjs.org/pg
28 http 200 https://registry.npmjs.org/pg
29 verbose headers { server: 'nginx/1.10.1',
29 verbose headers   'content-type': 'application/json',
29 verbose headers   'last-modified': 'Wed, 23 Nov 2016 12:46:22 GMT',
29 verbose headers   etag: 'W/"58358f9e-2a41f"',
29 verbose headers   'content-encoding': 'gzip',
29 verbose headers   'cache-control': 'max-age=300',
29 verbose headers   'content-length': '18212',
29 verbose headers   'accept-ranges': 'bytes',
29 verbose headers   date: 'Thu, 01 Dec 2016 17:39:00 GMT',
29 verbose headers   via: '1.1 varnish',
29 verbose headers   age: '207',
29 verbose headers   connection: 'keep-alive',
29 verbose headers   'x-served-by': 'cache-jfk8150-JFK',
29 verbose headers   'x-cache': 'HIT',
29 verbose headers   'x-cache-hits': '1',
29 verbose headers   'x-timer': 'S1480613940.838450,VS0,VE0',
29 verbose headers   vary: 'Accept-Encoding' }
30 silly get cb [ 200,
30 silly get   { server: 'nginx/1.10.1',
30 silly get     'content-type': 'application/json',
30 silly get     'last-modified': 'Wed, 23 Nov 2016 12:46:22 GMT',
30 silly get     etag: 'W/"58358f9e-2a41f"',
30 silly get     'content-encoding': 'gzip',
30 silly get     'cache-control': 'max-age=300',
30 silly get     'content-length': '18212',
30 silly get     'accept-ranges': 'bytes',
30 silly get     date: 'Thu, 01 Dec 2016 17:39:00 GMT',
30 silly get     via: '1.1 varnish',
30 silly get     age: '207',
30 silly get     connection: 'keep-alive',
30 silly get     'x-served-by': 'cache-jfk8150-JFK',
30 silly get     'x-cache': 'HIT',
30 silly get     'x-cache-hits': '1',
30 silly get     'x-timer': 'S1480613940.838450,VS0,VE0',
30 silly get     vary: 'Accept-Encoding' } ]
31 verbose get saving pg to /Users/iamromanh/.npm/registry.npmjs.org/pg/.cache.json
32 http 200 https://registry.npmjs.org/knex
33 verbose headers { server: 'nginx/1.10.1',
33 verbose headers   'content-type': 'application/json',
33 verbose headers   'last-modified': 'Tue, 29 Nov 2016 19:42:38 GMT',
33 verbose headers   etag: 'W/"583dda2e-38870"',
33 verbose headers   'content-encoding': 'gzip',
33 verbose headers   'cache-control': 'max-age=300',
33 verbose headers   'content-length': '15279',
33 verbose headers   'accept-ranges': 'bytes',
33 verbose headers   date: 'Thu, 01 Dec 2016 17:39:00 GMT',
33 verbose headers   via: '1.1 varnish',
33 verbose headers   age: '48',
33 verbose headers   connection: 'keep-alive',
33 verbose headers   'x-served-by': 'cache-jfk8140-JFK',
33 verbose headers   'x-cache': 'HIT',
33 verbose headers   'x-cache-hits': '1',
33 verbose headers   'x-timer': 'S1480613940.838381,VS0,VE0',
33 verbose headers   vary: 'Accept-Encoding' }
34 silly get cb [ 200,
34 silly get   { server: 'nginx/1.10.1',
34 silly get     'content-type': 'application/json',
34 silly get     'last-modified': 'Tue, 29 Nov 2016 19:42:38 GMT',
34 silly get     etag: 'W/"583dda2e-38870"',
34 silly get     'content-encoding': 'gzip',
34 silly get     'cache-control': 'max-age=300',
34 silly get     'content-length': '15279',
34 silly get     'accept-ranges': 'bytes',
34 silly get     date: 'Thu, 01 Dec 2016 17:39:00 GMT',
34 silly get     via: '1.1 varnish',
34 silly get     age: '48',
34 silly get     connection: 'keep-alive',
34 silly get     'x-served-by': 'cache-jfk8140-JFK',
34 silly get     'x-cache': 'HIT',
34 silly get     'x-cache-hits': '1',
34 silly get     'x-timer': 'S1480613940.838381,VS0,VE0',
34 silly get     vary: 'Accept-Encoding' } ]
35 verbose get saving knex to /Users/iamromanh/.npm/registry.npmjs.org/knex/.cache.json
36 silly install normalizeTree
37 silly loadCurrentTree Finishing
38 silly loadIdealTree Starting
39 silly install loadIdealTree
40 silly cloneCurrentTree Starting
41 silly install cloneCurrentTreeToIdealTree
42 silly cloneCurrentTree Finishing
43 silly loadShrinkwrap Starting
44 silly install loadShrinkwrap
45 silly loadShrinkwrap Finishing
46 silly loadAllDepsIntoIdealTree Starting
47 silly install loadAllDepsIntoIdealTree
48 silly rollbackFailedOptional Starting
49 silly rollbackFailedOptional Finishing
50 silly runTopLevelLifecycles Starting
51 silly runTopLevelLifecycles Finishing
52 silly install printInstalled
53 verbose stack Error: Refusing to install knex as a dependency of itself
53 verbose stack     at checkSelf (/usr/local/lib/node_modules/npm/lib/install/validate-args.js:40:14)
53 verbose stack     at Array.<anonymous> (/usr/local/lib/node_modules/npm/node_modules/slide/lib/bind-actor.js:15:8)
53 verbose stack     at LOOP (/usr/local/lib/node_modules/npm/node_modules/slide/lib/chain.js:15:14)
53 verbose stack     at chain (/usr/local/lib/node_modules/npm/node_modules/slide/lib/chain.js:20:5)
53 verbose stack     at /usr/local/lib/node_modules/npm/lib/install/validate-args.js:15:5
53 verbose stack     at /usr/local/lib/node_modules/npm/node_modules/slide/lib/async-map.js:52:35
53 verbose stack     at Array.forEach (native)
53 verbose stack     at /usr/local/lib/node_modules/npm/node_modules/slide/lib/async-map.js:52:11
53 verbose stack     at Array.forEach (native)
53 verbose stack     at asyncMap (/usr/local/lib/node_modules/npm/node_modules/slide/lib/async-map.js:51:8)
54 verbose cwd /Users/iamromanh/Documents/Code/Thinkful Projects/postgresql-cms-demo/knex
55 error Darwin 16.1.0
56 error argv "/usr/local/Cellar/node/5.2.0/bin/node" "/usr/local/bin/npm" "install" "--save" "knex" "pg"
57 error node v5.2.0
58 error npm  v3.3.12
59 error code ENOSELF
60 error Refusing to install knex as a dependency of itself
61 error If you need help, you may report this error at:
61 error     <https://github.com/npm/npm/issues>
62 verbose exit [ 1, true ]
